make all --print-data-base --no-builtin-variables --no-builtin-rules --question
# GNU Make 4.3
# Built for x86_64-pc-linux-gnu
# Copyright (C) 1988-2020 Free Software Foundation, Inc.
# License GPLv3+: GNU GPL version 3 or later <http://gnu.org/licenses/gpl.html>
# This is free software: you are free to change and redistribute it.
# There is NO WARRANTY, to the extent permitted by law.

# Make data base, printed on Wed Mar  2 14:55:26 2022

# Variables

# environment
GDK_BACKEND = x11
# makefile (from 'makefile', line 8)
OUTPUT = simulator
# environment
LC_ALL = C
# environment
NO_AT_BRIDGE = 1
# environment
LMOD_SETTARG_FULL_SUPPORT = no
# environment
VSCODE_IPC_HOOK_EXTHOST = /run/user/1000/vscode-ipc-a69e843c-e3ac-48ca-83a3-2311c36c57f5.sock
# environment
VSCODE_CWD = /home/jtst
# environment
WINDOWID = 14680066
# environment
WINDOWPATH = 1
# default
MAKE_COMMAND := make
# environment
LMOD_ROOT = /usr/share/lmod
# automatic
@D = $(patsubst %/,%,$(dir $@))
# environment
x = startx
# environment
VSCODE_HANDLES_UNCAUGHT_ERRORS = true
# default
.VARIABLES := 
# environment
PWD = /home/jtst/git/psims-ng/psimulator
# automatic
%D = $(patsubst %/,%,$(dir $%))
# environment
MAIL = /var/spool/mail/jtst
# environment
OLDPWD = /home/jtst
# automatic
^D = $(patsubst %/,%,$(dir $^))
# environment
VSCODE_LOG_STACK = false
# automatic
%F = $(notdir $%)
# environment
ALACRITTY_SOCKET = /run/user/1000/Alacritty-:0-7213.sock
# environment
VSCODE_CODE_CACHE_PATH = /home/jtst/.config/Code - OSS/CachedData/f80445acd5a3dadef24aa209168452a3d97cc326
# environment
LANG = C
# environment
XAUTHORITY = /home/jtst/.Xauthority
# default
.LOADED := 
# default
.INCLUDE_DIRS = /usr/include /usr/local/include /usr/include
# environment
LMOD_CMD = /usr/share/lmod/lmod/libexec/lmod
# environment
SPACK_PYTHON = /usr/bin/python3
# makefile
MAKEFLAGS = pqrR
# makefile
CURDIR := /home/jtst/git/psims-ng/psimulator
# environment
define BASH_FUNC_module%%
() {  eval $($LMOD_CMD bash "$@") && eval $(${LMOD_SETTARG_CMD:-:} -s sh)
}
endef
# environment
VSCODE_PIPE_LOGGING = true
# environment
APPLICATION_INSIGHTS_NO_DIAGNOSTIC_CHANNEL = true
# environment
LMOD_DIR = /usr/share/lmod/lmod/libexec
# automatic
*D = $(patsubst %/,%,$(dir $*))
# environment
MFLAGS = -pqrR
# default
.SHELLFLAGS := -c
# automatic
+D = $(patsubst %/,%,$(dir $+))
# environment
VSCODE_CRASH_REPORTER_START_OPTIONS = {"companyName":"Microsoft","productName":"Code - OSS","submitURL":"","uploadToServer":false}
# makefile (from 'makefile', line 1)
MAKEFILE_LIST := makefile
# automatic
@F = $(notdir $@)
# environment
ZSH = /home/jtst/.oh-my-zsh
# environment
VSCODE_VERBOSE_LOGGING = true
# environment
VSCODE_PID = 7288
# environment
XDG_SESSION_TYPE = tty
# automatic
?D = $(patsubst %/,%,$(dir $?))
# automatic
*F = $(notdir $*)
# environment
MODULEPATH = /home/jtst/modules
# environment
CHROME_DESKTOP = code-oss.desktop
# environment
DBUS_SESSION_BUS_ADDRESS = unix:path=/run/user/1000/bus
# automatic
<D = $(patsubst %/,%,$(dir $<))
# environment
VSCODE_NLS_CONFIG = {"locale":"en-us","availableLanguages":{},"_languagePackSupport":true}
# environment
define BASH_FUNC_ml%%
() {  eval $($LMOD_DIR/ml_cmd "$@")
}
endef
# environment
BREAKPAD_DUMP_LOCATION = /home/jtst/.config/Code - OSS/exthost Crash Reports
# default
MAKE_HOST := x86_64-pc-linux-gnu
# environment
ANDROID_HOME = /opt/android-sdk
# makefile
SHELL = /bin/sh
# default
MAKECMDGOALS := all
# environment
DOTNET_BUNDLE_EXTRACT_BASE_DIR = /home/jtst/.cache/dotnet_bundle_extract
# environment
SHLVL = 3
# environment
MAKELEVEL := 0
# default
MAKE = $(MAKE_COMMAND)
# environment
PATH = /home/jtst/git/mii/share/mii/init/../../../bin:/home/jtst/git/spack/bin:/home/jtst/git/mii/share/mii/init/../../../bin:/usr/local/sbin:/usr/local/bin:/usr/bin:/opt/android-sdk/tools:/opt/android-sdk/tools/bin:/home/jtst/.dotnet/tools:/usr/lib/jvm/default/bin:/usr/bin/site_perl:/usr/bin/vendor_perl:/usr/bin/core_perl:/home/jtst/.local/bin
# default
MAKEFILES := 
# environment
MODULESHOME = /usr/share/lmod/lmod
# environment
MOTD_SHOWN = pam
# automatic
^F = $(notdir $^)
# environment
LMOD_sys = Linux
# environment
PROMPT = %~$(~/.scripts/git_branch.sh) %# 
# environment
GRADLE_HOME = /usr/share/java/gradle
# environment
HAXE_STD_PATH = /usr/share/haxe/std
# environment
VSCODE_LOG_NATIVE = false
# automatic
?F = $(notdir $?)
# environment
XDG_SEAT = seat0
# environment
MII = /home/jtst/git/mii/share/mii/init/../../../bin/mii
# environment
RPROMPT = [$(cat /tmp/bat_status)] [$(cat /tmp/wlan_status)]
# environment
ALACRITTY_LOG = /tmp/Alacritty-7213.log
# environment
MKLROOT = /opt/intel/mkl
# automatic
+F = $(notdir $+)
# environment
ORIGINAL_XDG_CURRENT_DESKTOP = undefined
# makefile (from 'makefile', line 6)
OBJECTS = $(SOURCES:.cpp=.o)
# 'override' directive
GNUMAKEFLAGS := 
# environment
LOGNAME = jtst
# environment
BASH_ENV = /usr/share/lmod/lmod/init/bash
# environment
XDG_VTNR = 1
# makefile
.DEFAULT_GOAL := all
# environment
MODULEPATH_ROOT = /usr/share/modulefiles
# environment
EDITOR = nvim
# environment
DISPLAY = :0
# environment
USER = jtst
# default
MAKE_VERSION := 4.3
# makefile (from 'makefile', line 3)
LDFLAGS = 
# environment
_ = /usr/bin/make
# environment
MOZ_PLUGIN_PATH = /usr/lib/mozilla/plugins
# environment
XDG_RUNTIME_DIR = /run/user/1000
# environment
COLORTERM = truecolor
# environment
XDG_SESSION_CLASS = user
# environment
VSCODE_AMD_ENTRYPOINT = vs/workbench/services/extensions/node/extensionHostProcess
# environment
HOME = /home/jtst
# environment
ELECTRON_RUN_AS_NODE = 1
# environment
VSCODE_IPC_HOOK = /run/user/1000/vscode-d901b120-1.64.2-main.sock
# environment
TERM = xterm-256color
# environment
HG = /usr/bin/hg
# environment
XDG_SESSION_ID = 7
# default
.RECIPEPREFIX := 
# automatic
<F = $(notdir $<)
# default
SUFFIXES := 
# environment
VSCODE_CLI = 1
# environment
LMOD_PKG = /usr/share/lmod/lmod
# environment
ELECTRON_NO_ATTACH_CONSOLE = 1
# makefile (from 'makefile', line 2)
CXXFLAGS = -std=c++11
# default
.FEATURES := target-specific order-only second-expansion else-if shortest-stem undefine oneshell nocomment grouped-target extra-prereqs archives jobserver output-sync check-symlink guile load
# makefile (from 'makefile', line 1)
CXX = mpicxx
# makefile (from 'makefile', line 5)
SOURCES = $(wildcard *.cpp)
# environment
GREETD_SOCK = /run/greetd-401.sock
# environment
SPACK_ROOT = /home/jtst/git/spack
# environment
DOTNET_ROOT = /usr/share/dotnet
# environment
LMOD_VERSION = 8.6.6
# variable set hash-table stats:
# Load=120/1024=12%, Rehash=0, Collisions=7/159=4%

# Pattern-specific Variable Values

# No pattern-specific variable values.

# Directories

# . (device 2050, inode 3804804): 8 files, no impossibilities.

# 8 files, no impossibilities in 1 directories.

# Implicit Rules

%.o: %.cpp
#  recipe to execute (from 'makefile', line 18):
	$(CXX) $(CXXFLAGS) -c $< -o $@

# 1 implicit rules, 0 (0.0%) terminal.
# Files

simulator:
#  Implicit rule search has not been done.
 
#  Implicit/static pattern stem: ''
#  File does not exist.
#  File has been updated.
#  Needs to be updated (-q is set).
# automatic
# @ := simulator
# automatic
# * := 
# automatic
# < := 
# automatic
# + := 
# automatic
# % := 
# automatic
# ^ := 
# automatic
# ? := 
# automatic
# | := 
# variable set hash-table stats:
# Load=8/32=25%, Rehash=0, Collisions=1/15=7%
#  recipe to execute (from 'makefile', line 15):
	$(CXX) $^ $(LDFLAGS) -o $@

clean:
#  Phony target (prerequisite of .PHONY).
#  Implicit rule search has not been done.
#  File does not exist.
#  File has not been updated.
#  recipe to execute (from 'makefile', line 21):
	rm -f $(OUTPUT) $(OBJECTS)

# Not a target:
.DEFAULT:
#  Implicit rule search has not been done.
#  Modification time never checked.
#  File has not been updated.

all: simulator
#  Command line target.
#  Implicit rule search has been done.
#  File does not exist.
#  File has been updated.
#  Needs to be updated (-q is set).
# variable set hash-table stats:
# Load=0/32=0%, Rehash=0, Collisions=0/5=0%

# Not a target:
makefile:
#  Implicit rule search has been done.
#  Last modified 2022-03-02 14:40:22.091845519
#  File has been updated.
#  Successfully updated.

# Not a target:
.SUFFIXES:
#  Implicit rule search has not been done.
#  Modification time never checked.
#  File has not been updated.

.PHONY: clean
#  Implicit rule search has not been done.
#  Modification time never checked.
#  File has not been updated.

# files hash-table stats:
# Load=7/1024=1%, Rehash=0, Collisions=0/23=0%
# VPATH Search Paths

# No 'vpath' search paths.

# No general ('VPATH' variable) search path.

# strcache buffers: 1 (0) / strings = 18 / storage = 157 B / avg = 8 B
# current buf: size = 8162 B / used = 157 B / count = 18 / avg = 8 B

# strcache performance: lookups = 30 / hit rate = 40%
# hash-table stats:
# Load=18/8192=0%, Rehash=0, Collisions=0/30=0%
# Finished Make data base on Wed Mar  2 14:55:26 2022

 
